INFO -- 2022-05-05 02:24:44,328: created
WARNING -- 2022-05-05 02:24:44,330: created
ERROR -- 2022-05-05 02:24:44,334: created
CRITICAL -- 2022-05-05 02:24:44,335: created
INFO -- 2022-05-05 02:25:12,225: created
WARNING -- 2022-05-05 02:25:12,226: created
ERROR -- 2022-05-05 02:25:12,229: created
CRITICAL -- 2022-05-05 02:25:12,229: created
INFO -- 2022-05-05 02:25:22,637: created
WARNING -- 2022-05-05 02:25:22,638: created
ERROR -- 2022-05-05 02:25:22,642: created
CRITICAL -- 2022-05-05 02:25:22,643: created
INFO -- 2022-05-05 02:25:27,903: get permissions
WARNING -- 2022-05-05 02:25:27,904: get permissions
ERROR -- 2022-05-05 02:25:27,907: get permissions
CRITICAL -- 2022-05-05 02:25:27,907: get permissions
INFO -- 2022-05-05 02:25:27,912: get permissions
WARNING -- 2022-05-05 02:25:27,914: get permissions
ERROR -- 2022-05-05 02:25:27,915: get permissions
CRITICAL -- 2022-05-05 02:25:27,916: get permissions
INFO -- 2022-05-05 02:25:27,918: get permissions
WARNING -- 2022-05-05 02:25:27,918: get permissions
ERROR -- 2022-05-05 02:25:27,919: get permissions
CRITICAL -- 2022-05-05 02:25:27,919: get permissions
INFO -- 2022-05-05 02:25:27,927: get permissions
WARNING -- 2022-05-05 02:25:27,928: get permissions
ERROR -- 2022-05-05 02:25:27,931: get permissions
CRITICAL -- 2022-05-05 02:25:27,932: get permissions
INFO -- 2022-05-05 02:25:42,102: get permissions
WARNING -- 2022-05-05 02:25:42,103: get permissions
ERROR -- 2022-05-05 02:25:42,104: get permissions
CRITICAL -- 2022-05-05 02:25:42,107: get permissions
INFO -- 2022-05-05 02:25:42,114: get permissions
WARNING -- 2022-05-05 02:25:42,115: get permissions
ERROR -- 2022-05-05 02:25:42,118: get permissions
CRITICAL -- 2022-05-05 02:25:42,118: get permissions
INFO -- 2022-05-05 02:25:42,120: get permissions
WARNING -- 2022-05-05 02:25:42,121: get permissions
ERROR -- 2022-05-05 02:25:42,122: get permissions
CRITICAL -- 2022-05-05 02:25:42,123: get permissions
INFO -- 2022-05-05 02:25:42,133: get permissions
WARNING -- 2022-05-05 02:25:42,133: get permissions
ERROR -- 2022-05-05 02:25:42,136: get permissions
CRITICAL -- 2022-05-05 02:25:42,137: get permissions
INFO -- 2022-05-05 02:25:44,968: get permissions
WARNING -- 2022-05-05 02:25:44,969: get permissions
ERROR -- 2022-05-05 02:25:44,969: get permissions
CRITICAL -- 2022-05-05 02:25:44,972: get permissions
INFO -- 2022-05-05 02:25:44,976: get permissions
WARNING -- 2022-05-05 02:25:44,977: get permissions
ERROR -- 2022-05-05 02:25:44,977: get permissions
CRITICAL -- 2022-05-05 02:25:44,978: get permissions
INFO -- 2022-05-05 02:25:44,979: get permissions
WARNING -- 2022-05-05 02:25:44,980: get permissions
ERROR -- 2022-05-05 02:25:44,980: get permissions
CRITICAL -- 2022-05-05 02:25:44,981: get permissions
INFO -- 2022-05-05 02:25:44,982: get permissions
WARNING -- 2022-05-05 02:25:44,982: get permissions
ERROR -- 2022-05-05 02:25:44,983: get permissions
CRITICAL -- 2022-05-05 02:25:44,983: get permissions
INFO -- 2022-05-05 02:25:44,984: get permissions
WARNING -- 2022-05-05 02:25:44,984: get permissions
ERROR -- 2022-05-05 02:25:44,985: get permissions
CRITICAL -- 2022-05-05 02:25:44,985: get permissions
INFO -- 2022-05-05 02:25:44,986: get permissions
WARNING -- 2022-05-05 02:25:44,986: get permissions
ERROR -- 2022-05-05 02:25:44,987: get permissions
CRITICAL -- 2022-05-05 02:25:44,987: get permissions
INFO -- 2022-05-05 02:25:44,987: get permissions
WARNING -- 2022-05-05 02:25:44,988: get permissions
ERROR -- 2022-05-05 02:25:44,992: get permissions
CRITICAL -- 2022-05-05 02:25:44,994: get permissions
INFO -- 2022-05-05 02:25:44,994: get permissions
WARNING -- 2022-05-05 02:25:44,994: get permissions
ERROR -- 2022-05-05 02:25:44,995: get permissions
CRITICAL -- 2022-05-05 02:25:44,995: get permissions
INFO -- 2022-05-05 02:25:45,003: get permissions
WARNING -- 2022-05-05 02:25:45,003: get permissions
ERROR -- 2022-05-05 02:25:45,003: get permissions
CRITICAL -- 2022-05-05 02:25:45,003: get permissions
INFO -- 2022-05-05 02:25:45,007: get permissions
WARNING -- 2022-05-05 02:25:45,008: get permissions
ERROR -- 2022-05-05 02:25:45,008: get permissions
CRITICAL -- 2022-05-05 02:25:45,009: get permissions
INFO -- 2022-05-05 02:25:45,010: get permissions
WARNING -- 2022-05-05 02:25:45,011: get permissions
ERROR -- 2022-05-05 02:25:45,011: get permissions
CRITICAL -- 2022-05-05 02:25:45,012: get permissions
INFO -- 2022-05-05 02:25:45,013: get permissions
WARNING -- 2022-05-05 02:25:45,013: get permissions
ERROR -- 2022-05-05 02:25:45,014: get permissions
CRITICAL -- 2022-05-05 02:25:45,014: get permissions
INFO -- 2022-05-05 02:25:59,660: get permissions
WARNING -- 2022-05-05 02:25:59,662: get permissions
ERROR -- 2022-05-05 02:25:59,665: get permissions
CRITICAL -- 2022-05-05 02:25:59,665: get permissions
INFO -- 2022-05-05 02:25:59,670: get permissions
WARNING -- 2022-05-05 02:25:59,670: get permissions
ERROR -- 2022-05-05 02:25:59,671: get permissions
CRITICAL -- 2022-05-05 02:25:59,672: get permissions
INFO -- 2022-05-05 02:25:59,674: get permissions
WARNING -- 2022-05-05 02:25:59,675: get permissions
ERROR -- 2022-05-05 02:25:59,677: get permissions
CRITICAL -- 2022-05-05 02:25:59,678: get permissions
INFO -- 2022-05-05 02:25:59,687: get permissions
WARNING -- 2022-05-05 02:25:59,687: get permissions
ERROR -- 2022-05-05 02:25:59,689: get permissions
CRITICAL -- 2022-05-05 02:25:59,691: get permissions
INFO -- 2022-05-05 02:26:02,791: get permissions
WARNING -- 2022-05-05 02:26:02,792: get permissions
ERROR -- 2022-05-05 02:26:02,792: get permissions
CRITICAL -- 2022-05-05 02:26:02,795: get permissions
INFO -- 2022-05-05 02:26:02,797: get permissions
WARNING -- 2022-05-05 02:26:02,797: get permissions
ERROR -- 2022-05-05 02:26:02,799: get permissions
CRITICAL -- 2022-05-05 02:26:02,799: get permissions
INFO -- 2022-05-05 02:26:02,801: get permissions
WARNING -- 2022-05-05 02:26:02,802: get permissions
ERROR -- 2022-05-05 02:26:02,802: get permissions
CRITICAL -- 2022-05-05 02:26:02,803: get permissions
INFO -- 2022-05-05 02:26:02,804: get permissions
WARNING -- 2022-05-05 02:26:02,804: get permissions
ERROR -- 2022-05-05 02:26:02,805: get permissions
CRITICAL -- 2022-05-05 02:26:02,805: get permissions
INFO -- 2022-05-05 02:26:02,811: get permissions
WARNING -- 2022-05-05 02:26:02,811: get permissions
ERROR -- 2022-05-05 02:26:02,812: get permissions
CRITICAL -- 2022-05-05 02:26:02,812: get permissions
INFO -- 2022-05-05 02:26:02,813: get permissions
WARNING -- 2022-05-05 02:26:02,814: get permissions
ERROR -- 2022-05-05 02:26:02,814: get permissions
CRITICAL -- 2022-05-05 02:26:02,816: get permissions
INFO -- 2022-05-05 02:26:44,704: get permissions
WARNING -- 2022-05-05 02:26:44,705: get permissions
ERROR -- 2022-05-05 02:26:44,706: get permissions
CRITICAL -- 2022-05-05 02:26:44,709: get permissions
INFO -- 2022-05-05 02:26:44,710: get permissions
WARNING -- 2022-05-05 02:26:44,711: get permissions
ERROR -- 2022-05-05 02:26:44,711: get permissions
CRITICAL -- 2022-05-05 02:26:44,712: get permissions
INFO -- 2022-05-05 02:26:44,714: get permissions
WARNING -- 2022-05-05 02:26:44,714: get permissions
ERROR -- 2022-05-05 02:26:44,716: get permissions
CRITICAL -- 2022-05-05 02:26:44,716: get permissions
INFO -- 2022-05-05 02:26:44,717: get permissions
WARNING -- 2022-05-05 02:26:44,718: get permissions
ERROR -- 2022-05-05 02:26:44,719: get permissions
CRITICAL -- 2022-05-05 02:26:44,719: get permissions
INFO -- 2022-05-05 02:29:27,764: get permissions
WARNING -- 2022-05-05 02:29:27,766: get permissions
ERROR -- 2022-05-05 02:29:27,769: get permissions
CRITICAL -- 2022-05-05 02:29:27,770: get permissions
INFO -- 2022-05-05 02:29:27,779: get permissions
WARNING -- 2022-05-05 02:29:27,780: get permissions
ERROR -- 2022-05-05 02:29:27,780: get permissions
CRITICAL -- 2022-05-05 02:29:27,781: get permissions
INFO -- 2022-05-05 02:29:27,782: get permissions
WARNING -- 2022-05-05 02:29:27,782: get permissions
ERROR -- 2022-05-05 02:29:27,783: get permissions
CRITICAL -- 2022-05-05 02:29:27,783: get permissions
INFO -- 2022-05-05 02:29:27,786: get permissions
WARNING -- 2022-05-05 02:29:27,789: get permissions
ERROR -- 2022-05-05 02:29:27,789: get permissions
CRITICAL -- 2022-05-05 02:29:27,790: get permissions
INFO -- 2022-05-05 02:29:27,797: get permissions
WARNING -- 2022-05-05 02:29:27,798: get permissions
ERROR -- 2022-05-05 02:29:27,798: get permissions
CRITICAL -- 2022-05-05 02:29:27,799: get permissions
INFO -- 2022-05-05 02:29:27,802: get permissions
WARNING -- 2022-05-05 02:29:27,805: get permissions
ERROR -- 2022-05-05 02:29:27,805: get permissions
CRITICAL -- 2022-05-05 02:29:27,806: get permissions
INFO -- 2022-05-05 02:29:31,615: get permissions
WARNING -- 2022-05-05 02:29:31,616: get permissions
ERROR -- 2022-05-05 02:29:31,620: get permissions
CRITICAL -- 2022-05-05 02:29:31,620: get permissions
INFO -- 2022-05-05 02:29:31,625: get permissions
WARNING -- 2022-05-05 02:29:31,627: get permissions
ERROR -- 2022-05-05 02:29:31,628: get permissions
CRITICAL -- 2022-05-05 02:29:31,631: get permissions
INFO -- 2022-05-05 02:29:31,632: get permissions
WARNING -- 2022-05-05 02:29:31,632: get permissions
ERROR -- 2022-05-05 02:29:31,633: get permissions
CRITICAL -- 2022-05-05 02:29:31,634: get permissions
INFO -- 2022-05-05 02:29:31,641: get permissions
WARNING -- 2022-05-05 02:29:31,641: get permissions
ERROR -- 2022-05-05 02:29:31,642: get permissions
CRITICAL -- 2022-05-05 02:29:31,644: get permissions
INFO -- 2022-05-05 02:29:37,846: get permissions
WARNING -- 2022-05-05 02:29:37,847: get permissions
ERROR -- 2022-05-05 02:29:37,850: get permissions
CRITICAL -- 2022-05-05 02:29:37,851: get permissions
INFO -- 2022-05-05 02:29:41,355: get permissions
WARNING -- 2022-05-05 02:29:41,356: get permissions
ERROR -- 2022-05-05 02:29:41,356: get permissions
CRITICAL -- 2022-05-05 02:29:41,359: get permissions
INFO -- 2022-05-05 02:29:41,362: get permissions
WARNING -- 2022-05-05 02:29:41,362: get permissions
ERROR -- 2022-05-05 02:29:41,363: get permissions
CRITICAL -- 2022-05-05 02:29:41,363: get permissions
INFO -- 2022-05-05 02:29:41,364: get permissions
WARNING -- 2022-05-05 02:29:41,364: get permissions
ERROR -- 2022-05-05 02:29:41,365: get permissions
CRITICAL -- 2022-05-05 02:29:41,365: get permissions
INFO -- 2022-05-05 02:29:41,367: get permissions
WARNING -- 2022-05-05 02:29:41,368: get permissions
ERROR -- 2022-05-05 02:29:41,368: get permissions
CRITICAL -- 2022-05-05 02:29:41,368: get permissions
INFO -- 2022-05-05 02:29:44,560: get permissions
WARNING -- 2022-05-05 02:29:44,563: get permissions
ERROR -- 2022-05-05 02:29:44,567: get permissions
CRITICAL -- 2022-05-05 02:29:44,568: get permissions
INFO -- 2022-05-05 02:31:19,762: get permissions
WARNING -- 2022-05-05 02:31:19,763: get permissions
ERROR -- 2022-05-05 02:31:19,763: get permissions
CRITICAL -- 2022-05-05 02:31:19,763: get permissions
INFO -- 2022-05-05 02:32:05,448: get permissions
WARNING -- 2022-05-05 02:32:05,449: get permissions
ERROR -- 2022-05-05 02:32:05,453: get permissions
CRITICAL -- 2022-05-05 02:32:05,453: get permissions
INFO -- 2022-05-05 02:33:40,046: get permissions
WARNING -- 2022-05-05 02:33:40,047: get permissions
ERROR -- 2022-05-05 02:33:40,049: get permissions
CRITICAL -- 2022-05-05 02:33:40,050: get permissions
INFO -- 2022-05-05 02:33:40,059: get permissions
WARNING -- 2022-05-05 02:33:40,060: get permissions
ERROR -- 2022-05-05 02:33:40,061: get permissions
CRITICAL -- 2022-05-05 02:33:40,061: get permissions
INFO -- 2022-05-05 02:33:40,063: get permissions
WARNING -- 2022-05-05 02:33:40,064: get permissions
ERROR -- 2022-05-05 02:33:40,064: get permissions
CRITICAL -- 2022-05-05 02:33:40,065: get permissions
INFO -- 2022-05-05 02:33:40,071: get permissions
WARNING -- 2022-05-05 02:33:40,071: get permissions
ERROR -- 2022-05-05 02:33:40,074: get permissions
CRITICAL -- 2022-05-05 02:33:40,074: get permissions
INFO -- 2022-05-05 02:33:49,383: get permissions
WARNING -- 2022-05-05 02:33:49,384: get permissions
ERROR -- 2022-05-05 02:33:49,385: get permissions
CRITICAL -- 2022-05-05 02:33:49,388: get permissions
INFO -- 2022-05-05 02:33:49,389: get permissions
WARNING -- 2022-05-05 02:33:49,390: get permissions
ERROR -- 2022-05-05 02:33:49,391: get permissions
CRITICAL -- 2022-05-05 02:33:49,392: get permissions
INFO -- 2022-05-05 02:33:49,395: get permissions
WARNING -- 2022-05-05 02:33:49,397: get permissions
ERROR -- 2022-05-05 02:33:49,398: get permissions
CRITICAL -- 2022-05-05 02:33:49,398: get permissions
INFO -- 2022-05-05 02:33:49,400: get permissions
WARNING -- 2022-05-05 02:33:49,400: get permissions
ERROR -- 2022-05-05 02:33:49,401: get permissions
CRITICAL -- 2022-05-05 02:33:49,401: get permissions
INFO -- 2022-05-05 02:33:49,407: get permissions
WARNING -- 2022-05-05 02:33:49,410: get permissions
ERROR -- 2022-05-05 02:33:49,411: get permissions
CRITICAL -- 2022-05-05 02:33:49,414: get permissions
INFO -- 2022-05-05 02:33:49,415: get permissions
WARNING -- 2022-05-05 02:33:49,415: get permissions
ERROR -- 2022-05-05 02:33:49,415: get permissions
CRITICAL -- 2022-05-05 02:33:49,416: get permissions
INFO -- 2022-05-05 02:34:15,150: get permissions
WARNING -- 2022-05-05 02:34:15,152: get permissions
ERROR -- 2022-05-05 02:34:15,153: get permissions
CRITICAL -- 2022-05-05 02:34:15,156: get permissions
INFO -- 2022-05-05 02:34:15,160: get permissions
WARNING -- 2022-05-05 02:34:15,160: get permissions
ERROR -- 2022-05-05 02:34:15,161: get permissions
CRITICAL -- 2022-05-05 02:34:15,162: get permissions
INFO -- 2022-05-05 02:34:15,164: get permissions
WARNING -- 2022-05-05 02:34:15,165: get permissions
ERROR -- 2022-05-05 02:34:15,165: get permissions
CRITICAL -- 2022-05-05 02:34:15,165: get permissions
INFO -- 2022-05-05 02:34:15,172: get permissions
WARNING -- 2022-05-05 02:34:15,172: get permissions
ERROR -- 2022-05-05 02:34:15,174: get permissions
CRITICAL -- 2022-05-05 02:34:15,176: get permissions
INFO -- 2022-05-05 02:34:18,345: get permissions
WARNING -- 2022-05-05 02:34:18,347: get permissions
ERROR -- 2022-05-05 02:34:18,350: get permissions
CRITICAL -- 2022-05-05 02:34:18,350: get permissions
INFO -- 2022-05-05 02:34:18,352: get permissions
WARNING -- 2022-05-05 02:34:18,353: get permissions
ERROR -- 2022-05-05 02:34:18,354: get permissions
CRITICAL -- 2022-05-05 02:34:18,354: get permissions
INFO -- 2022-05-05 02:34:18,355: get permissions
WARNING -- 2022-05-05 02:34:18,355: get permissions
ERROR -- 2022-05-05 02:34:18,356: get permissions
CRITICAL -- 2022-05-05 02:34:18,356: get permissions
INFO -- 2022-05-05 02:34:18,358: get permissions
WARNING -- 2022-05-05 02:34:18,358: get permissions
ERROR -- 2022-05-05 02:34:18,359: get permissions
CRITICAL -- 2022-05-05 02:34:18,359: get permissions
INFO -- 2022-05-05 02:34:18,368: get permissions
WARNING -- 2022-05-05 02:34:18,369: get permissions
ERROR -- 2022-05-05 02:34:18,371: get permissions
CRITICAL -- 2022-05-05 02:34:18,371: get permissions
INFO -- 2022-05-05 02:34:18,372: get permissions
WARNING -- 2022-05-05 02:34:18,373: get permissions
ERROR -- 2022-05-05 02:34:18,373: get permissions
CRITICAL -- 2022-05-05 02:34:18,374: get permissions
INFO -- 2022-05-05 02:34:54,786: get permissions
WARNING -- 2022-05-05 02:34:54,787: get permissions
ERROR -- 2022-05-05 02:34:54,790: get permissions
CRITICAL -- 2022-05-05 02:34:54,791: get permissions
INFO -- 2022-05-05 02:34:54,794: get permissions
WARNING -- 2022-05-05 02:34:54,795: get permissions
ERROR -- 2022-05-05 02:34:54,795: get permissions
CRITICAL -- 2022-05-05 02:34:54,796: get permissions
INFO -- 2022-05-05 02:34:54,798: get permissions
WARNING -- 2022-05-05 02:34:54,799: get permissions
ERROR -- 2022-05-05 02:34:54,799: get permissions
CRITICAL -- 2022-05-05 02:34:54,800: get permissions
INFO -- 2022-05-05 02:34:54,802: get permissions
WARNING -- 2022-05-05 02:34:54,805: get permissions
ERROR -- 2022-05-05 02:34:54,805: get permissions
CRITICAL -- 2022-05-05 02:34:54,806: get permissions
INFO -- 2022-05-05 02:34:54,807: get permissions
WARNING -- 2022-05-05 02:34:54,807: get permissions
ERROR -- 2022-05-05 02:34:54,808: get permissions
CRITICAL -- 2022-05-05 02:34:54,808: get permissions
INFO -- 2022-05-05 02:34:54,809: get permissions
WARNING -- 2022-05-05 02:34:54,810: get permissions
ERROR -- 2022-05-05 02:34:54,810: get permissions
CRITICAL -- 2022-05-05 02:34:54,811: get permissions
INFO -- 2022-05-05 02:34:54,812: get permissions
WARNING -- 2022-05-05 02:34:54,813: get permissions
ERROR -- 2022-05-05 02:34:54,813: get permissions
CRITICAL -- 2022-05-05 02:34:54,813: get permissions
INFO -- 2022-05-05 02:34:54,816: get permissions
WARNING -- 2022-05-05 02:34:54,818: get permissions
ERROR -- 2022-05-05 02:34:54,820: get permissions
CRITICAL -- 2022-05-05 02:34:54,820: get permissions
INFO -- 2022-05-05 02:34:54,827: get permissions
WARNING -- 2022-05-05 02:34:54,828: get permissions
ERROR -- 2022-05-05 02:34:54,829: get permissions
CRITICAL -- 2022-05-05 02:34:54,829: get permissions
INFO -- 2022-05-05 02:34:54,832: get permissions
WARNING -- 2022-05-05 02:34:54,836: get permissions
ERROR -- 2022-05-05 02:34:54,836: get permissions
CRITICAL -- 2022-05-05 02:34:54,837: get permissions
INFO -- 2022-05-05 02:34:54,838: get permissions
WARNING -- 2022-05-05 02:34:54,838: get permissions
ERROR -- 2022-05-05 02:34:54,839: get permissions
CRITICAL -- 2022-05-05 02:34:54,839: get permissions
INFO -- 2022-05-05 02:34:54,840: get permissions
WARNING -- 2022-05-05 02:34:54,841: get permissions
ERROR -- 2022-05-05 02:34:54,841: get permissions
CRITICAL -- 2022-05-05 02:34:54,842: get permissions
INFO -- 2022-05-05 02:36:01,561: get permissions
WARNING -- 2022-05-05 02:36:01,563: get permissions
ERROR -- 2022-05-05 02:36:01,564: get permissions
CRITICAL -- 2022-05-05 02:36:01,568: get permissions
INFO -- 2022-05-05 02:36:01,573: get permissions
WARNING -- 2022-05-05 02:36:01,573: get permissions
ERROR -- 2022-05-05 02:36:01,574: get permissions
CRITICAL -- 2022-05-05 02:36:01,575: get permissions
INFO -- 2022-05-05 02:36:01,577: get permissions
WARNING -- 2022-05-05 02:36:01,577: get permissions
ERROR -- 2022-05-05 02:36:01,577: get permissions
CRITICAL -- 2022-05-05 02:36:01,578: get permissions
INFO -- 2022-05-05 02:36:01,589: get permissions
WARNING -- 2022-05-05 02:36:01,590: get permissions
ERROR -- 2022-05-05 02:36:01,592: get permissions
CRITICAL -- 2022-05-05 02:36:01,593: get permissions
INFO -- 2022-05-05 02:36:05,811: get permissions
WARNING -- 2022-05-05 02:36:05,813: get permissions
ERROR -- 2022-05-05 02:36:05,813: get permissions
CRITICAL -- 2022-05-05 02:36:05,816: get permissions
INFO -- 2022-05-05 02:36:05,821: get permissions
WARNING -- 2022-05-05 02:36:05,821: get permissions
ERROR -- 2022-05-05 02:36:05,822: get permissions
CRITICAL -- 2022-05-05 02:36:05,823: get permissions
INFO -- 2022-05-05 02:36:05,824: get permissions
WARNING -- 2022-05-05 02:36:05,825: get permissions
ERROR -- 2022-05-05 02:36:05,825: get permissions
CRITICAL -- 2022-05-05 02:36:05,826: get permissions
INFO -- 2022-05-05 02:36:05,836: get permissions
WARNING -- 2022-05-05 02:36:05,836: get permissions
ERROR -- 2022-05-05 02:36:05,839: get permissions
CRITICAL -- 2022-05-05 02:36:05,839: get permissions
INFO -- 2022-05-05 02:36:43,897: get permissions
WARNING -- 2022-05-05 02:36:43,902: get permissions
ERROR -- 2022-05-05 02:36:43,902: get permissions
CRITICAL -- 2022-05-05 02:36:43,903: get permissions
INFO -- 2022-05-05 02:36:43,916: get permissions
WARNING -- 2022-05-05 02:36:43,916: get permissions
ERROR -- 2022-05-05 02:36:43,917: get permissions
CRITICAL -- 2022-05-05 02:36:43,918: get permissions
INFO -- 2022-05-05 02:36:43,919: get permissions
WARNING -- 2022-05-05 02:36:43,920: get permissions
ERROR -- 2022-05-05 02:36:43,920: get permissions
CRITICAL -- 2022-05-05 02:36:43,920: get permissions
INFO -- 2022-05-05 02:36:43,929: get permissions
WARNING -- 2022-05-05 02:36:43,932: get permissions
ERROR -- 2022-05-05 02:36:43,933: get permissions
CRITICAL -- 2022-05-05 02:36:43,933: get permissions
INFO -- 2022-05-05 02:36:47,276: get permissions
WARNING -- 2022-05-05 02:36:47,277: get permissions
ERROR -- 2022-05-05 02:36:47,281: get permissions
CRITICAL -- 2022-05-05 02:36:47,281: get permissions
INFO -- 2022-05-05 02:36:47,286: get permissions
WARNING -- 2022-05-05 02:36:47,286: get permissions
ERROR -- 2022-05-05 02:36:47,287: get permissions
CRITICAL -- 2022-05-05 02:36:47,288: get permissions
INFO -- 2022-05-05 02:36:47,289: get permissions
WARNING -- 2022-05-05 02:36:47,290: get permissions
ERROR -- 2022-05-05 02:36:47,290: get permissions
CRITICAL -- 2022-05-05 02:36:47,290: get permissions
INFO -- 2022-05-05 02:36:47,299: get permissions
WARNING -- 2022-05-05 02:36:47,299: get permissions
ERROR -- 2022-05-05 02:36:47,301: get permissions
CRITICAL -- 2022-05-05 02:36:47,302: get permissions
INFO -- 2022-05-05 02:36:57,674: get permissions
WARNING -- 2022-05-05 02:36:57,676: get permissions
ERROR -- 2022-05-05 02:36:57,677: get permissions
CRITICAL -- 2022-05-05 02:36:57,680: get permissions
INFO -- 2022-05-05 02:36:57,683: get permissions
WARNING -- 2022-05-05 02:36:57,683: get permissions
ERROR -- 2022-05-05 02:36:57,684: get permissions
CRITICAL -- 2022-05-05 02:36:57,684: get permissions
INFO -- 2022-05-05 02:36:57,686: get permissions
WARNING -- 2022-05-05 02:36:57,687: get permissions
ERROR -- 2022-05-05 02:36:57,687: get permissions
CRITICAL -- 2022-05-05 02:36:57,688: get permissions
INFO -- 2022-05-05 02:36:57,689: get permissions
WARNING -- 2022-05-05 02:36:57,689: get permissions
ERROR -- 2022-05-05 02:36:57,689: get permissions
CRITICAL -- 2022-05-05 02:36:57,690: get permissions
INFO -- 2022-05-05 02:36:57,694: get permissions
WARNING -- 2022-05-05 02:36:57,695: get permissions
ERROR -- 2022-05-05 02:36:57,696: get permissions
CRITICAL -- 2022-05-05 02:36:57,696: get permissions
INFO -- 2022-05-05 02:36:57,697: get permissions
WARNING -- 2022-05-05 02:36:57,698: get permissions
ERROR -- 2022-05-05 02:36:57,698: get permissions
CRITICAL -- 2022-05-05 02:36:57,698: get permissions
INFO -- 2022-05-05 02:36:57,700: get permissions
WARNING -- 2022-05-05 02:36:57,700: get permissions
ERROR -- 2022-05-05 02:36:57,701: get permissions
CRITICAL -- 2022-05-05 02:36:57,701: get permissions
INFO -- 2022-05-05 02:36:57,702: get permissions
WARNING -- 2022-05-05 02:36:57,703: get permissions
ERROR -- 2022-05-05 02:36:57,703: get permissions
CRITICAL -- 2022-05-05 02:36:57,703: get permissions
INFO -- 2022-05-05 02:36:57,713: get permissions
WARNING -- 2022-05-05 02:36:57,713: get permissions
ERROR -- 2022-05-05 02:36:57,715: get permissions
CRITICAL -- 2022-05-05 02:36:57,716: get permissions
INFO -- 2022-05-05 02:36:57,717: get permissions
WARNING -- 2022-05-05 02:36:57,717: get permissions
ERROR -- 2022-05-05 02:36:57,718: get permissions
CRITICAL -- 2022-05-05 02:36:57,718: get permissions
INFO -- 2022-05-05 02:36:57,719: get permissions
WARNING -- 2022-05-05 02:36:57,719: get permissions
ERROR -- 2022-05-05 02:36:57,720: get permissions
CRITICAL -- 2022-05-05 02:36:57,720: get permissions
INFO -- 2022-05-05 02:36:57,721: get permissions
WARNING -- 2022-05-05 02:36:57,722: get permissions
ERROR -- 2022-05-05 02:36:57,722: get permissions
CRITICAL -- 2022-05-05 02:36:57,722: get permissions
INFO -- 2022-05-05 02:36:59,944: get permissions
WARNING -- 2022-05-05 02:36:59,945: get permissions
ERROR -- 2022-05-05 02:36:59,948: get permissions
CRITICAL -- 2022-05-05 02:36:59,949: get permissions
INFO -- 2022-05-05 02:36:59,952: get permissions
WARNING -- 2022-05-05 02:36:59,953: get permissions
ERROR -- 2022-05-05 02:36:59,953: get permissions
CRITICAL -- 2022-05-05 02:36:59,954: get permissions
INFO -- 2022-05-05 02:36:59,958: get permissions
WARNING -- 2022-05-05 02:36:59,959: get permissions
ERROR -- 2022-05-05 02:36:59,961: get permissions
CRITICAL -- 2022-05-05 02:36:59,962: get permissions
INFO -- 2022-05-05 02:36:59,964: get permissions
WARNING -- 2022-05-05 02:36:59,964: get permissions
ERROR -- 2022-05-05 02:36:59,964: get permissions
CRITICAL -- 2022-05-05 02:36:59,965: get permissions
INFO -- 2022-05-05 02:36:59,966: get permissions
WARNING -- 2022-05-05 02:36:59,966: get permissions
ERROR -- 2022-05-05 02:36:59,966: get permissions
CRITICAL -- 2022-05-05 02:36:59,967: get permissions
INFO -- 2022-05-05 02:36:59,968: get permissions
WARNING -- 2022-05-05 02:36:59,968: get permissions
ERROR -- 2022-05-05 02:36:59,968: get permissions
CRITICAL -- 2022-05-05 02:36:59,969: get permissions
INFO -- 2022-05-05 02:36:59,970: get permissions
WARNING -- 2022-05-05 02:36:59,970: get permissions
ERROR -- 2022-05-05 02:36:59,971: get permissions
CRITICAL -- 2022-05-05 02:36:59,971: get permissions
INFO -- 2022-05-05 02:36:59,976: get permissions
WARNING -- 2022-05-05 02:36:59,978: get permissions
ERROR -- 2022-05-05 02:36:59,978: get permissions
CRITICAL -- 2022-05-05 02:36:59,979: get permissions
INFO -- 2022-05-05 02:36:59,985: get permissions
WARNING -- 2022-05-05 02:36:59,985: get permissions
ERROR -- 2022-05-05 02:36:59,986: get permissions
CRITICAL -- 2022-05-05 02:36:59,987: get permissions
INFO -- 2022-05-05 02:36:59,989: get permissions
WARNING -- 2022-05-05 02:36:59,991: get permissions
ERROR -- 2022-05-05 02:36:59,992: get permissions
CRITICAL -- 2022-05-05 02:36:59,994: get permissions
INFO -- 2022-05-05 02:36:59,995: get permissions
WARNING -- 2022-05-05 02:36:59,996: get permissions
ERROR -- 2022-05-05 02:36:59,996: get permissions
CRITICAL -- 2022-05-05 02:36:59,997: get permissions
INFO -- 2022-05-05 02:36:59,998: get permissions
WARNING -- 2022-05-05 02:36:59,998: get permissions
ERROR -- 2022-05-05 02:36:59,998: get permissions
CRITICAL -- 2022-05-05 02:36:59,999: get permissions
INFO -- 2022-05-05 02:37:02,261: get permissions
WARNING -- 2022-05-05 02:37:02,263: get permissions
ERROR -- 2022-05-05 02:37:02,263: get permissions
CRITICAL -- 2022-05-05 02:37:02,266: get permissions
INFO -- 2022-05-05 02:37:02,269: get permissions
WARNING -- 2022-05-05 02:37:02,270: get permissions
ERROR -- 2022-05-05 02:37:02,270: get permissions
CRITICAL -- 2022-05-05 02:37:02,271: get permissions
INFO -- 2022-05-05 02:37:02,273: get permissions
WARNING -- 2022-05-05 02:37:02,274: get permissions
ERROR -- 2022-05-05 02:37:02,275: get permissions
CRITICAL -- 2022-05-05 02:37:02,275: get permissions
INFO -- 2022-05-05 02:37:02,276: get permissions
WARNING -- 2022-05-05 02:37:02,277: get permissions
ERROR -- 2022-05-05 02:37:02,277: get permissions
CRITICAL -- 2022-05-05 02:37:02,278: get permissions
INFO -- 2022-05-05 02:37:02,280: get permissions
WARNING -- 2022-05-05 02:37:02,280: get permissions
ERROR -- 2022-05-05 02:37:02,281: get permissions
CRITICAL -- 2022-05-05 02:37:02,281: get permissions
INFO -- 2022-05-05 02:37:02,282: get permissions
WARNING -- 2022-05-05 02:37:02,282: get permissions
ERROR -- 2022-05-05 02:37:02,282: get permissions
CRITICAL -- 2022-05-05 02:37:02,283: get permissions
INFO -- 2022-05-05 02:37:02,287: get permissions
WARNING -- 2022-05-05 02:37:02,288: get permissions
ERROR -- 2022-05-05 02:37:02,289: get permissions
CRITICAL -- 2022-05-05 02:37:02,290: get permissions
INFO -- 2022-05-05 02:37:02,290: get permissions
WARNING -- 2022-05-05 02:37:02,292: get permissions
ERROR -- 2022-05-05 02:37:02,293: get permissions
CRITICAL -- 2022-05-05 02:37:02,293: get permissions
INFO -- 2022-05-05 02:37:02,301: get permissions
WARNING -- 2022-05-05 02:37:02,301: get permissions
ERROR -- 2022-05-05 02:37:02,304: get permissions
CRITICAL -- 2022-05-05 02:37:02,305: get permissions
INFO -- 2022-05-05 02:37:02,306: get permissions
WARNING -- 2022-05-05 02:37:02,308: get permissions
ERROR -- 2022-05-05 02:37:02,308: get permissions
CRITICAL -- 2022-05-05 02:37:02,310: get permissions
INFO -- 2022-05-05 02:37:02,311: get permissions
WARNING -- 2022-05-05 02:37:02,312: get permissions
ERROR -- 2022-05-05 02:37:02,312: get permissions
CRITICAL -- 2022-05-05 02:37:02,312: get permissions
INFO -- 2022-05-05 02:37:02,313: get permissions
WARNING -- 2022-05-05 02:37:02,315: get permissions
ERROR -- 2022-05-05 02:37:02,317: get permissions
CRITICAL -- 2022-05-05 02:37:02,318: get permissions
INFO -- 2022-05-05 02:40:23,329: get permissions
WARNING -- 2022-05-05 02:40:23,335: get permissions
ERROR -- 2022-05-05 02:40:23,336: get permissions
CRITICAL -- 2022-05-05 02:40:23,338: get permissions
INFO -- 2022-05-05 02:40:23,350: get permissions
WARNING -- 2022-05-05 02:40:23,355: get permissions
ERROR -- 2022-05-05 02:40:23,357: get permissions
CRITICAL -- 2022-05-05 02:40:23,359: get permissions
INFO -- 2022-05-05 02:40:23,362: get permissions
WARNING -- 2022-05-05 02:40:23,363: get permissions
ERROR -- 2022-05-05 02:40:23,366: get permissions
CRITICAL -- 2022-05-05 02:40:23,369: get permissions
INFO -- 2022-05-05 02:40:23,372: get permissions
WARNING -- 2022-05-05 02:40:23,372: get permissions
ERROR -- 2022-05-05 02:40:23,373: get permissions
CRITICAL -- 2022-05-05 02:40:23,373: get permissions
INFO -- 2022-05-05 02:40:23,382: get permissions
WARNING -- 2022-05-05 02:40:23,382: get permissions
ERROR -- 2022-05-05 02:40:23,388: get permissions
CRITICAL -- 2022-05-05 02:40:23,389: get permissions
INFO -- 2022-05-05 02:40:23,390: get permissions
WARNING -- 2022-05-05 02:40:23,391: get permissions
ERROR -- 2022-05-05 02:40:23,391: get permissions
CRITICAL -- 2022-05-05 02:40:23,391: get permissions
INFO -- 2022-05-05 02:41:24,084: get permissions
WARNING -- 2022-05-05 02:41:24,085: get permissions
ERROR -- 2022-05-05 02:41:24,086: get permissions
CRITICAL -- 2022-05-05 02:41:24,089: get permissions
INFO -- 2022-05-05 02:41:24,097: get permissions
WARNING -- 2022-05-05 02:41:24,098: get permissions
ERROR -- 2022-05-05 02:41:24,101: get permissions
CRITICAL -- 2022-05-05 02:41:24,101: get permissions
INFO -- 2022-05-05 02:41:24,102: get permissions
WARNING -- 2022-05-05 02:41:24,103: get permissions
ERROR -- 2022-05-05 02:41:24,103: get permissions
CRITICAL -- 2022-05-05 02:41:24,104: get permissions
INFO -- 2022-05-05 02:41:24,106: get permissions
WARNING -- 2022-05-05 02:41:24,106: get permissions
ERROR -- 2022-05-05 02:41:24,107: get permissions
CRITICAL -- 2022-05-05 02:41:24,107: get permissions
INFO -- 2022-05-05 02:41:24,114: get permissions
WARNING -- 2022-05-05 02:41:24,115: get permissions
ERROR -- 2022-05-05 02:41:24,116: get permissions
CRITICAL -- 2022-05-05 02:41:24,116: get permissions
INFO -- 2022-05-05 02:41:24,117: get permissions
WARNING -- 2022-05-05 02:41:24,118: get permissions
ERROR -- 2022-05-05 02:41:24,118: get permissions
CRITICAL -- 2022-05-05 02:41:24,119: get permissions
INFO -- 2022-05-05 02:41:25,580: get permissions
WARNING -- 2022-05-05 02:41:25,581: get permissions
ERROR -- 2022-05-05 02:41:25,584: get permissions
CRITICAL -- 2022-05-05 02:41:25,585: get permissions
INFO -- 2022-05-05 02:41:25,586: get permissions
WARNING -- 2022-05-05 02:41:25,587: get permissions
ERROR -- 2022-05-05 02:41:25,587: get permissions
CRITICAL -- 2022-05-05 02:41:25,587: get permissions
INFO -- 2022-05-05 02:41:25,588: get permissions
WARNING -- 2022-05-05 02:41:25,590: get permissions
ERROR -- 2022-05-05 02:41:25,590: get permissions
CRITICAL -- 2022-05-05 02:41:25,591: get permissions
INFO -- 2022-05-05 02:41:25,592: get permissions
WARNING -- 2022-05-05 02:41:25,593: get permissions
ERROR -- 2022-05-05 02:41:25,594: get permissions
CRITICAL -- 2022-05-05 02:41:25,594: get permissions
INFO -- 2022-05-05 02:41:25,603: get permissions
WARNING -- 2022-05-05 02:41:25,603: get permissions
ERROR -- 2022-05-05 02:41:25,605: get permissions
CRITICAL -- 2022-05-05 02:41:25,605: get permissions
INFO -- 2022-05-05 02:41:25,606: get permissions
WARNING -- 2022-05-05 02:41:25,607: get permissions
ERROR -- 2022-05-05 02:41:25,607: get permissions
CRITICAL -- 2022-05-05 02:41:25,608: get permissions
INFO -- 2022-05-05 02:41:35,515: get permissions
WARNING -- 2022-05-05 02:41:35,517: get permissions
ERROR -- 2022-05-05 02:41:35,520: get permissions
CRITICAL -- 2022-05-05 02:41:35,520: get permissions
INFO -- 2022-05-05 02:41:35,527: get permissions
WARNING -- 2022-05-05 02:41:35,528: get permissions
ERROR -- 2022-05-05 02:41:35,529: get permissions
CRITICAL -- 2022-05-05 02:41:35,529: get permissions
INFO -- 2022-05-05 02:41:35,530: get permissions
WARNING -- 2022-05-05 02:41:35,530: get permissions
ERROR -- 2022-05-05 02:41:35,532: get permissions
CRITICAL -- 2022-05-05 02:41:35,537: get permissions
INFO -- 2022-05-05 02:41:35,539: get permissions
WARNING -- 2022-05-05 02:41:35,539: get permissions
ERROR -- 2022-05-05 02:41:35,540: get permissions
CRITICAL -- 2022-05-05 02:41:35,540: get permissions
INFO -- 2022-05-05 02:41:35,550: get permissions
WARNING -- 2022-05-05 02:41:35,553: get permissions
ERROR -- 2022-05-05 02:41:35,554: get permissions
CRITICAL -- 2022-05-05 02:41:35,554: get permissions
INFO -- 2022-05-05 02:41:35,555: get permissions
WARNING -- 2022-05-05 02:41:35,555: get permissions
ERROR -- 2022-05-05 02:41:35,556: get permissions
CRITICAL -- 2022-05-05 02:41:35,556: get permissions
INFO -- 2022-05-05 02:41:40,245: get permissions
WARNING -- 2022-05-05 02:41:40,246: get permissions
ERROR -- 2022-05-05 02:41:40,247: get permissions
CRITICAL -- 2022-05-05 02:41:40,250: get permissions
INFO -- 2022-05-05 02:41:40,256: get permissions
WARNING -- 2022-05-05 02:41:40,257: get permissions
ERROR -- 2022-05-05 02:41:40,273: get permissions
CRITICAL -- 2022-05-05 02:41:40,275: get permissions
INFO -- 2022-05-05 02:41:40,279: get permissions
WARNING -- 2022-05-05 02:41:40,279: get permissions
ERROR -- 2022-05-05 02:41:40,280: get permissions
CRITICAL -- 2022-05-05 02:41:40,280: get permissions
INFO -- 2022-05-05 02:41:40,289: get permissions
WARNING -- 2022-05-05 02:41:40,289: get permissions
ERROR -- 2022-05-05 02:41:40,290: get permissions
CRITICAL -- 2022-05-05 02:41:40,290: get permissions
INFO -- 2022-05-05 02:41:55,748: get permissions
WARNING -- 2022-05-05 02:41:55,750: get permissions
ERROR -- 2022-05-05 02:41:55,750: get permissions
CRITICAL -- 2022-05-05 02:41:55,753: get permissions
INFO -- 2022-05-05 02:41:55,761: get permissions
WARNING -- 2022-05-05 02:41:55,762: get permissions
ERROR -- 2022-05-05 02:41:55,763: get permissions
CRITICAL -- 2022-05-05 02:41:55,764: get permissions
INFO -- 2022-05-05 02:41:55,765: get permissions
WARNING -- 2022-05-05 02:41:55,766: get permissions
ERROR -- 2022-05-05 02:41:55,766: get permissions
CRITICAL -- 2022-05-05 02:41:55,768: get permissions
INFO -- 2022-05-05 02:41:55,780: get permissions
WARNING -- 2022-05-05 02:41:55,781: get permissions
ERROR -- 2022-05-05 02:41:55,781: get permissions
CRITICAL -- 2022-05-05 02:41:55,783: get permissions
INFO -- 2022-05-05 02:41:58,445: get permissions
WARNING -- 2022-05-05 02:41:58,446: get permissions
ERROR -- 2022-05-05 02:41:58,450: get permissions
CRITICAL -- 2022-05-05 02:41:58,450: get permissions
INFO -- 2022-05-05 02:41:58,452: get permissions
WARNING -- 2022-05-05 02:41:58,453: get permissions
ERROR -- 2022-05-05 02:41:58,454: get permissions
CRITICAL -- 2022-05-05 02:41:58,454: get permissions
INFO -- 2022-05-05 02:41:58,457: get permissions
WARNING -- 2022-05-05 02:41:58,457: get permissions
ERROR -- 2022-05-05 02:41:58,458: get permissions
CRITICAL -- 2022-05-05 02:41:58,458: get permissions
INFO -- 2022-05-05 02:41:58,459: get permissions
WARNING -- 2022-05-05 02:41:58,460: get permissions
ERROR -- 2022-05-05 02:41:58,460: get permissions
CRITICAL -- 2022-05-05 02:41:58,461: get permissions
INFO -- 2022-05-05 02:41:58,462: get permissions
WARNING -- 2022-05-05 02:41:58,462: get permissions
ERROR -- 2022-05-05 02:41:58,463: get permissions
CRITICAL -- 2022-05-05 02:41:58,463: get permissions
INFO -- 2022-05-05 02:41:58,464: get permissions
WARNING -- 2022-05-05 02:41:58,465: get permissions
ERROR -- 2022-05-05 02:41:58,465: get permissions
CRITICAL -- 2022-05-05 02:41:58,466: get permissions
INFO -- 2022-05-05 02:41:58,467: get permissions
WARNING -- 2022-05-05 02:41:58,468: get permissions
ERROR -- 2022-05-05 02:41:58,471: get permissions
CRITICAL -- 2022-05-05 02:41:58,472: get permissions
INFO -- 2022-05-05 02:41:58,473: get permissions
WARNING -- 2022-05-05 02:41:58,474: get permissions
ERROR -- 2022-05-05 02:41:58,474: get permissions
CRITICAL -- 2022-05-05 02:41:58,475: get permissions
INFO -- 2022-05-05 02:41:58,484: get permissions
WARNING -- 2022-05-05 02:41:58,485: get permissions
ERROR -- 2022-05-05 02:41:58,488: get permissions
CRITICAL -- 2022-05-05 02:41:58,488: get permissions
INFO -- 2022-05-05 02:41:58,489: get permissions
WARNING -- 2022-05-05 02:41:58,490: get permissions
ERROR -- 2022-05-05 02:41:58,490: get permissions
CRITICAL -- 2022-05-05 02:41:58,491: get permissions
INFO -- 2022-05-05 02:41:58,492: get permissions
WARNING -- 2022-05-05 02:41:58,492: get permissions
ERROR -- 2022-05-05 02:41:58,493: get permissions
CRITICAL -- 2022-05-05 02:41:58,493: get permissions
INFO -- 2022-05-05 02:41:58,494: get permissions
WARNING -- 2022-05-05 02:41:58,494: get permissions
ERROR -- 2022-05-05 02:41:58,495: get permissions
CRITICAL -- 2022-05-05 02:41:58,495: get permissions
INFO -- 2022-05-05 02:43:13,279: get permissions
WARNING -- 2022-05-05 02:43:13,280: get permissions
ERROR -- 2022-05-05 02:43:13,283: get permissions
CRITICAL -- 2022-05-05 02:43:13,285: get permissions
INFO -- 2022-05-05 02:43:13,287: get permissions
WARNING -- 2022-05-05 02:43:13,287: get permissions
ERROR -- 2022-05-05 02:43:13,288: get permissions
CRITICAL -- 2022-05-05 02:43:13,288: get permissions
INFO -- 2022-05-05 02:43:13,289: get permissions
WARNING -- 2022-05-05 02:43:13,290: get permissions
ERROR -- 2022-05-05 02:43:13,290: get permissions
CRITICAL -- 2022-05-05 02:43:13,291: get permissions
INFO -- 2022-05-05 02:43:13,292: get permissions
WARNING -- 2022-05-05 02:43:13,293: get permissions
ERROR -- 2022-05-05 02:43:13,293: get permissions
CRITICAL -- 2022-05-05 02:43:13,294: get permissions
INFO -- 2022-05-05 02:43:13,305: get permissions
WARNING -- 2022-05-05 02:43:13,306: get permissions
ERROR -- 2022-05-05 02:43:13,311: get permissions
CRITICAL -- 2022-05-05 02:43:13,311: get permissions
INFO -- 2022-05-05 02:43:13,313: get permissions
WARNING -- 2022-05-05 02:43:13,313: get permissions
ERROR -- 2022-05-05 02:43:13,314: get permissions
CRITICAL -- 2022-05-05 02:43:13,314: get permissions
INFO -- 2022-05-05 02:44:24,186: get permissions
WARNING -- 2022-05-05 02:44:24,188: get permissions
ERROR -- 2022-05-05 02:44:24,188: get permissions
CRITICAL -- 2022-05-05 02:44:24,191: get permissions
INFO -- 2022-05-05 02:44:24,197: get permissions
WARNING -- 2022-05-05 02:44:24,197: get permissions
ERROR -- 2022-05-05 02:44:24,198: get permissions
CRITICAL -- 2022-05-05 02:44:24,199: get permissions
INFO -- 2022-05-05 02:44:24,200: get permissions
WARNING -- 2022-05-05 02:44:24,201: get permissions
ERROR -- 2022-05-05 02:44:24,202: get permissions
CRITICAL -- 2022-05-05 02:44:24,202: get permissions
INFO -- 2022-05-05 02:44:24,213: get permissions
WARNING -- 2022-05-05 02:44:24,214: get permissions
ERROR -- 2022-05-05 02:44:24,215: get permissions
CRITICAL -- 2022-05-05 02:44:24,215: get permissions
INFO -- 2022-05-05 02:45:44,229: get permissions
WARNING -- 2022-05-05 02:45:44,230: get permissions
ERROR -- 2022-05-05 02:45:44,230: get permissions
CRITICAL -- 2022-05-05 02:45:44,233: get permissions
INFO -- 2022-05-05 02:45:44,238: get permissions
WARNING -- 2022-05-05 02:45:44,238: get permissions
ERROR -- 2022-05-05 02:45:44,239: get permissions
CRITICAL -- 2022-05-05 02:45:44,240: get permissions
INFO -- 2022-05-05 02:45:44,242: get permissions
WARNING -- 2022-05-05 02:45:44,244: get permissions
ERROR -- 2022-05-05 02:45:44,244: get permissions
CRITICAL -- 2022-05-05 02:45:44,245: get permissions
INFO -- 2022-05-05 02:45:44,255: get permissions
WARNING -- 2022-05-05 02:45:44,256: get permissions
ERROR -- 2022-05-05 02:45:44,258: get permissions
CRITICAL -- 2022-05-05 02:45:44,259: get permissions
INFO -- 2022-05-05 02:59:58,716: get permissions
WARNING -- 2022-05-05 02:59:58,718: get permissions
ERROR -- 2022-05-05 02:59:58,718: get permissions
CRITICAL -- 2022-05-05 02:59:58,722: get permissions
INFO -- 2022-05-05 03:00:41,806: get permissions
WARNING -- 2022-05-05 03:00:41,807: get permissions
ERROR -- 2022-05-05 03:00:41,810: get permissions
CRITICAL -- 2022-05-05 03:00:41,814: get permissions
INFO -- 2022-05-05 03:00:41,870: get permissions
WARNING -- 2022-05-05 03:00:41,871: get permissions
ERROR -- 2022-05-05 03:00:41,875: get permissions
CRITICAL -- 2022-05-05 03:00:41,877: get permissions
INFO -- 2022-05-05 03:02:06,536: get permissions
WARNING -- 2022-05-05 03:02:06,538: get permissions
ERROR -- 2022-05-05 03:02:06,543: get permissions
CRITICAL -- 2022-05-05 03:02:06,544: get permissions
INFO -- 2022-05-05 04:09:42,433: get permissions
WARNING -- 2022-05-05 04:09:42,434: get permissions
ERROR -- 2022-05-05 04:09:42,437: get permissions
CRITICAL -- 2022-05-05 04:09:42,438: get permissions
INFO -- 2022-05-05 04:09:44,575: get permissions
WARNING -- 2022-05-05 04:09:44,577: get permissions
ERROR -- 2022-05-05 04:09:44,581: get permissions
CRITICAL -- 2022-05-05 04:09:44,582: get permissions
INFO -- 2022-05-05 04:09:44,650: get permissions
WARNING -- 2022-05-05 04:09:44,651: get permissions
ERROR -- 2022-05-05 04:09:44,654: get permissions
CRITICAL -- 2022-05-05 04:09:44,655: get permissions
INFO -- 2022-05-05 04:09:56,810: get permissions
WARNING -- 2022-05-05 04:09:56,811: get permissions
ERROR -- 2022-05-05 04:09:56,815: get permissions
CRITICAL -- 2022-05-05 04:09:56,817: get permissions
INFO -- 2022-05-05 04:10:56,873: get permissions
WARNING -- 2022-05-05 04:10:56,878: get permissions
ERROR -- 2022-05-05 04:10:56,878: get permissions
CRITICAL -- 2022-05-05 04:10:56,882: get permissions
INFO -- 2022-05-05 04:10:57,051: get permissions
WARNING -- 2022-05-05 04:10:57,052: get permissions
ERROR -- 2022-05-05 04:10:57,053: get permissions
CRITICAL -- 2022-05-05 04:10:57,055: get permissions
INFO -- 2022-05-05 04:12:12,149: get permissions
WARNING -- 2022-05-05 04:12:12,150: get permissions
ERROR -- 2022-05-05 04:12:12,153: get permissions
CRITICAL -- 2022-05-05 04:12:12,154: get permissions
INFO -- 2022-05-05 04:12:34,075: get permissions
WARNING -- 2022-05-05 04:12:34,076: get permissions
ERROR -- 2022-05-05 04:12:34,082: get permissions
CRITICAL -- 2022-05-05 04:12:34,083: get permissions
INFO -- 2022-05-05 04:13:35,665: get permissions
WARNING -- 2022-05-05 04:13:35,665: get permissions
ERROR -- 2022-05-05 04:13:35,665: get permissions
CRITICAL -- 2022-05-05 04:13:35,665: get permissions
INFO -- 2022-05-05 04:13:35,734: get permissions
WARNING -- 2022-05-05 04:13:35,735: get permissions
ERROR -- 2022-05-05 04:13:35,735: get permissions
CRITICAL -- 2022-05-05 04:13:35,737: get permissions
INFO -- 2022-05-05 04:14:11,212: get permissions
WARNING -- 2022-05-05 04:14:11,213: get permissions
ERROR -- 2022-05-05 04:14:11,213: get permissions
CRITICAL -- 2022-05-05 04:14:11,216: get permissions
INFO -- 2022-05-05 04:14:11,227: get permissions
WARNING -- 2022-05-05 04:14:11,228: get permissions
ERROR -- 2022-05-05 04:14:11,228: get permissions
CRITICAL -- 2022-05-05 04:14:11,229: get permissions
INFO -- 2022-05-05 04:14:11,231: get permissions
WARNING -- 2022-05-05 04:14:11,232: get permissions
ERROR -- 2022-05-05 04:14:11,232: get permissions
CRITICAL -- 2022-05-05 04:14:11,233: get permissions
INFO -- 2022-05-05 04:14:11,243: get permissions
WARNING -- 2022-05-05 04:14:11,244: get permissions
ERROR -- 2022-05-05 04:14:11,245: get permissions
CRITICAL -- 2022-05-05 04:14:11,245: get permissions
INFO -- 2022-05-05 04:14:22,627: get permissions
WARNING -- 2022-05-05 04:14:22,628: get permissions
ERROR -- 2022-05-05 04:14:22,632: get permissions
CRITICAL -- 2022-05-05 04:14:22,634: get permissions
INFO -- 2022-05-05 04:16:05,272: get permissions
WARNING -- 2022-05-05 04:16:05,275: get permissions
ERROR -- 2022-05-05 04:16:05,277: get permissions
CRITICAL -- 2022-05-05 04:16:05,278: get permissions
INFO -- 2022-05-05 04:16:05,349: created
WARNING -- 2022-05-05 04:16:05,350: created
ERROR -- 2022-05-05 04:16:05,350: created
CRITICAL -- 2022-05-05 04:16:05,355: created
INFO -- 2022-05-05 04:16:11,511: get permissions
WARNING -- 2022-05-05 04:16:11,513: get permissions
ERROR -- 2022-05-05 04:16:11,516: get permissions
CRITICAL -- 2022-05-05 04:16:11,517: get permissions
INFO -- 2022-05-05 04:17:13,413: get permissions
WARNING -- 2022-05-05 04:17:13,414: get permissions
ERROR -- 2022-05-05 04:17:13,415: get permissions
CRITICAL -- 2022-05-05 04:17:13,418: get permissions
INFO -- 2022-05-05 04:18:55,364: get permissions
WARNING -- 2022-05-05 04:18:55,366: get permissions
ERROR -- 2022-05-05 04:18:55,367: get permissions
CRITICAL -- 2022-05-05 04:18:55,370: get permissions
INFO -- 2022-05-05 04:18:55,439: created
WARNING -- 2022-05-05 04:18:55,441: created
ERROR -- 2022-05-05 04:18:55,444: created
CRITICAL -- 2022-05-05 04:18:55,445: created
INFO -- 2022-05-05 04:19:41,807: get permissions
WARNING -- 2022-05-05 04:19:41,809: get permissions
ERROR -- 2022-05-05 04:19:41,812: get permissions
CRITICAL -- 2022-05-05 04:19:41,813: get permissions
INFO -- 2022-05-05 04:19:42,106: created
WARNING -- 2022-05-05 04:19:42,112: created
ERROR -- 2022-05-05 04:19:42,113: created
CRITICAL -- 2022-05-05 04:19:42,113: created
INFO -- 2022-05-05 04:19:47,949: get permissions
WARNING -- 2022-05-05 04:19:47,950: get permissions
ERROR -- 2022-05-05 04:19:47,953: get permissions
CRITICAL -- 2022-05-05 04:19:47,954: get permissions
INFO -- 2022-05-05 04:20:08,742: get permissions
WARNING -- 2022-05-05 04:20:08,743: get permissions
ERROR -- 2022-05-05 04:20:08,748: get permissions
CRITICAL -- 2022-05-05 04:20:08,750: get permissions
INFO -- 2022-05-05 04:20:08,754: get permissions
WARNING -- 2022-05-05 04:20:08,754: get permissions
ERROR -- 2022-05-05 04:20:08,755: get permissions
CRITICAL -- 2022-05-05 04:20:08,755: get permissions
INFO -- 2022-05-05 04:20:08,757: get permissions
WARNING -- 2022-05-05 04:20:08,757: get permissions
ERROR -- 2022-05-05 04:20:08,758: get permissions
CRITICAL -- 2022-05-05 04:20:08,758: get permissions
INFO -- 2022-05-05 04:20:08,759: get permissions
WARNING -- 2022-05-05 04:20:08,764: get permissions
ERROR -- 2022-05-05 04:20:08,765: get permissions
CRITICAL -- 2022-05-05 04:20:08,766: get permissions
INFO -- 2022-05-05 04:20:08,767: get permissions
WARNING -- 2022-05-05 04:20:08,768: get permissions
ERROR -- 2022-05-05 04:20:08,768: get permissions
CRITICAL -- 2022-05-05 04:20:08,768: get permissions
INFO -- 2022-05-05 04:20:08,770: get permissions
WARNING -- 2022-05-05 04:20:08,770: get permissions
ERROR -- 2022-05-05 04:20:08,771: get permissions
CRITICAL -- 2022-05-05 04:20:08,771: get permissions
INFO -- 2022-05-05 04:20:08,773: get permissions
WARNING -- 2022-05-05 04:20:08,773: get permissions
ERROR -- 2022-05-05 04:20:08,773: get permissions
CRITICAL -- 2022-05-05 04:20:08,774: get permissions
INFO -- 2022-05-05 04:20:08,774: get permissions
WARNING -- 2022-05-05 04:20:08,777: get permissions
ERROR -- 2022-05-05 04:20:08,778: get permissions
CRITICAL -- 2022-05-05 04:20:08,780: get permissions
INFO -- 2022-05-05 04:20:08,787: get permissions
WARNING -- 2022-05-05 04:20:08,788: get permissions
ERROR -- 2022-05-05 04:20:08,788: get permissions
CRITICAL -- 2022-05-05 04:20:08,789: get permissions
INFO -- 2022-05-05 04:20:08,790: get permissions
WARNING -- 2022-05-05 04:20:08,790: get permissions
ERROR -- 2022-05-05 04:20:08,792: get permissions
CRITICAL -- 2022-05-05 04:20:08,793: get permissions
INFO -- 2022-05-05 04:20:08,797: get permissions
WARNING -- 2022-05-05 04:20:08,798: get permissions
ERROR -- 2022-05-05 04:20:08,798: get permissions
CRITICAL -- 2022-05-05 04:20:08,798: get permissions
INFO -- 2022-05-05 04:20:08,799: get permissions
WARNING -- 2022-05-05 04:20:08,800: get permissions
ERROR -- 2022-05-05 04:20:08,800: get permissions
CRITICAL -- 2022-05-05 04:20:08,801: get permissions
INFO -- 2022-05-05 04:20:21,935: get permissions
WARNING -- 2022-05-05 04:20:21,936: get permissions
ERROR -- 2022-05-05 04:20:21,937: get permissions
CRITICAL -- 2022-05-05 04:20:21,943: get permissions
INFO -- 2022-05-05 04:20:22,009: get permissions
WARNING -- 2022-05-05 04:20:22,010: get permissions
ERROR -- 2022-05-05 04:20:22,013: get permissions
CRITICAL -- 2022-05-05 04:20:22,014: get permissions
INFO -- 2022-05-05 04:20:25,745: get permissions
WARNING -- 2022-05-05 04:20:25,746: get permissions
ERROR -- 2022-05-05 04:20:25,746: get permissions
CRITICAL -- 2022-05-05 04:20:25,749: get permissions
INFO -- 2022-05-05 04:20:25,755: get permissions
WARNING -- 2022-05-05 04:20:25,756: get permissions
ERROR -- 2022-05-05 04:20:25,757: get permissions
CRITICAL -- 2022-05-05 04:20:25,757: get permissions
INFO -- 2022-05-05 04:20:25,758: get permissions
WARNING -- 2022-05-05 04:20:25,759: get permissions
ERROR -- 2022-05-05 04:20:25,759: get permissions
CRITICAL -- 2022-05-05 04:20:25,760: get permissions
INFO -- 2022-05-05 04:20:25,762: get permissions
WARNING -- 2022-05-05 04:20:25,762: get permissions
ERROR -- 2022-05-05 04:20:25,763: get permissions
CRITICAL -- 2022-05-05 04:20:25,763: get permissions
INFO -- 2022-05-05 04:20:25,773: get permissions
WARNING -- 2022-05-05 04:20:25,774: get permissions
ERROR -- 2022-05-05 04:20:25,775: get permissions
CRITICAL -- 2022-05-05 04:20:25,776: get permissions
INFO -- 2022-05-05 04:20:25,777: get permissions
WARNING -- 2022-05-05 04:20:25,777: get permissions
ERROR -- 2022-05-05 04:20:25,778: get permissions
CRITICAL -- 2022-05-05 04:20:25,778: get permissions
INFO -- 2022-05-05 04:21:11,404: get permissions
WARNING -- 2022-05-05 04:21:11,405: get permissions
ERROR -- 2022-05-05 04:21:11,408: get permissions
CRITICAL -- 2022-05-05 04:21:11,408: get permissions
INFO -- 2022-05-05 04:21:30,060: get permissions
WARNING -- 2022-05-05 04:21:30,062: get permissions
ERROR -- 2022-05-05 04:21:30,065: get permissions
CRITICAL -- 2022-05-05 04:21:30,066: get permissions
INFO -- 2022-05-05 04:21:42,694: get permissions
WARNING -- 2022-05-05 04:21:42,695: get permissions
ERROR -- 2022-05-05 04:21:42,698: get permissions
CRITICAL -- 2022-05-05 04:21:42,699: get permissions
INFO -- 2022-05-05 04:22:06,560: get permissions
WARNING -- 2022-05-05 04:22:06,564: get permissions
ERROR -- 2022-05-05 04:22:06,567: get permissions
CRITICAL -- 2022-05-05 04:22:06,568: get permissions
INFO -- 2022-05-05 04:22:06,573: get permissions
WARNING -- 2022-05-05 04:22:06,574: get permissions
ERROR -- 2022-05-05 04:22:06,574: get permissions
CRITICAL -- 2022-05-05 04:22:06,575: get permissions
INFO -- 2022-05-05 04:22:06,577: get permissions
WARNING -- 2022-05-05 04:22:06,579: get permissions
ERROR -- 2022-05-05 04:22:06,581: get permissions
CRITICAL -- 2022-05-05 04:22:06,584: get permissions
INFO -- 2022-05-05 04:22:06,592: get permissions
WARNING -- 2022-05-05 04:22:06,594: get permissions
ERROR -- 2022-05-05 04:22:06,597: get permissions
CRITICAL -- 2022-05-05 04:22:06,600: get permissions
INFO -- 2022-05-05 04:22:12,607: get permissions
WARNING -- 2022-05-05 04:22:12,609: get permissions
ERROR -- 2022-05-05 04:22:12,614: get permissions
CRITICAL -- 2022-05-05 04:22:12,615: get permissions
INFO -- 2022-05-05 04:22:24,244: get permissions
WARNING -- 2022-05-05 04:22:24,246: get permissions
ERROR -- 2022-05-05 04:22:24,249: get permissions
CRITICAL -- 2022-05-05 04:22:24,251: get permissions
INFO -- 2022-05-05 04:22:24,329: get permissions
WARNING -- 2022-05-05 04:22:24,330: get permissions
ERROR -- 2022-05-05 04:22:24,334: get permissions
CRITICAL -- 2022-05-05 04:22:24,334: get permissions
INFO -- 2022-05-05 04:24:23,341: get permissions
WARNING -- 2022-05-05 04:24:23,342: get permissions
ERROR -- 2022-05-05 04:24:23,346: get permissions
CRITICAL -- 2022-05-05 04:24:23,346: get permissions
INFO -- 2022-05-05 04:24:23,426: created
WARNING -- 2022-05-05 04:24:23,428: created
ERROR -- 2022-05-05 04:24:23,432: created
CRITICAL -- 2022-05-05 04:24:23,434: created
INFO -- 2022-05-05 04:25:22,532: get permissions
WARNING -- 2022-05-05 04:25:22,534: get permissions
ERROR -- 2022-05-05 04:25:22,537: get permissions
CRITICAL -- 2022-05-05 04:25:22,538: get permissions
INFO -- 2022-05-05 04:25:29,569: get permissions
WARNING -- 2022-05-05 04:25:29,571: get permissions
ERROR -- 2022-05-05 04:25:29,571: get permissions
CRITICAL -- 2022-05-05 04:25:29,576: get permissions
INFO -- 2022-05-05 04:26:36,867: get permissions
WARNING -- 2022-05-05 04:26:36,868: get permissions
ERROR -- 2022-05-05 04:26:36,871: get permissions
CRITICAL -- 2022-05-05 04:26:36,872: get permissions
INFO -- 2022-05-05 04:27:04,079: get permissions
WARNING -- 2022-05-05 04:27:04,082: get permissions
ERROR -- 2022-05-05 04:27:04,085: get permissions
CRITICAL -- 2022-05-05 04:27:04,086: get permissions
INFO -- 2022-05-05 04:27:10,251: get permissions
WARNING -- 2022-05-05 04:27:10,253: get permissions
ERROR -- 2022-05-05 04:27:10,256: get permissions
CRITICAL -- 2022-05-05 04:27:10,257: get permissions
INFO -- 2022-05-05 04:27:34,087: get permissions
WARNING -- 2022-05-05 04:27:34,087: get permissions
ERROR -- 2022-05-05 04:27:34,087: get permissions
CRITICAL -- 2022-05-05 04:27:34,087: get permissions
INFO -- 2022-05-05 04:27:58,710: get permissions
WARNING -- 2022-05-05 04:27:58,712: get permissions
ERROR -- 2022-05-05 04:27:58,715: get permissions
CRITICAL -- 2022-05-05 04:27:58,716: get permissions
INFO -- 2022-05-05 04:28:14,403: get permissions
WARNING -- 2022-05-05 04:28:14,404: get permissions
ERROR -- 2022-05-05 04:28:14,408: get permissions
CRITICAL -- 2022-05-05 04:28:14,409: get permissions
INFO -- 2022-05-05 04:29:19,181: get permissions
WARNING -- 2022-05-05 04:29:19,183: get permissions
ERROR -- 2022-05-05 04:29:19,189: get permissions
CRITICAL -- 2022-05-05 04:29:19,189: get permissions
INFO -- 2022-05-05 04:29:22,918: get permissions
WARNING -- 2022-05-05 04:29:22,921: get permissions
ERROR -- 2022-05-05 04:29:22,924: get permissions
CRITICAL -- 2022-05-05 04:29:22,924: get permissions
INFO -- 2022-05-05 04:29:23,116: get permissions
WARNING -- 2022-05-05 04:29:23,117: get permissions
ERROR -- 2022-05-05 04:29:23,121: get permissions
CRITICAL -- 2022-05-05 04:29:23,121: get permissions
INFO -- 2022-05-05 04:29:35,856: get permissions
WARNING -- 2022-05-05 04:29:35,857: get permissions
ERROR -- 2022-05-05 04:29:35,864: get permissions
CRITICAL -- 2022-05-05 04:29:35,865: get permissions
INFO -- 2022-05-05 04:29:46,853: get permissions
WARNING -- 2022-05-05 04:29:46,854: get permissions
ERROR -- 2022-05-05 04:29:46,854: get permissions
CRITICAL -- 2022-05-05 04:29:46,857: get permissions
INFO -- 2022-05-05 04:29:51,157: get permissions
WARNING -- 2022-05-05 04:29:51,161: get permissions
ERROR -- 2022-05-05 04:29:51,164: get permissions
CRITICAL -- 2022-05-05 04:29:51,165: get permissions
INFO -- 2022-05-05 04:29:51,224: get permissions
WARNING -- 2022-05-05 04:29:51,226: get permissions
ERROR -- 2022-05-05 04:29:51,229: get permissions
CRITICAL -- 2022-05-05 04:29:51,229: get permissions
INFO -- 2022-05-05 04:29:54,396: get permissions
WARNING -- 2022-05-05 04:29:54,397: get permissions
ERROR -- 2022-05-05 04:29:54,400: get permissions
CRITICAL -- 2022-05-05 04:29:54,400: get permissions
INFO -- 2022-05-05 04:29:54,573: created
WARNING -- 2022-05-05 04:29:54,574: created
ERROR -- 2022-05-05 04:29:54,574: created
CRITICAL -- 2022-05-05 04:29:54,578: created
INFO -- 2022-05-05 04:31:49,382: get permissions
WARNING -- 2022-05-05 04:31:49,384: get permissions
ERROR -- 2022-05-05 04:31:49,389: get permissions
CRITICAL -- 2022-05-05 04:31:49,390: get permissions
INFO -- 2022-05-05 04:32:30,718: get permissions
WARNING -- 2022-05-05 04:32:30,722: get permissions
ERROR -- 2022-05-05 04:32:30,724: get permissions
CRITICAL -- 2022-05-05 04:32:30,725: get permissions
INFO -- 2022-05-05 04:32:41,610: get permissions
WARNING -- 2022-05-05 04:32:41,617: get permissions
ERROR -- 2022-05-05 04:32:41,617: get permissions
CRITICAL -- 2022-05-05 04:32:41,618: get permissions
INFO -- 2022-05-05 04:32:46,162: get permissions
WARNING -- 2022-05-05 04:32:46,164: get permissions
ERROR -- 2022-05-05 04:32:46,165: get permissions
CRITICAL -- 2022-05-05 04:32:46,169: get permissions
INFO -- 2022-05-05 04:32:48,364: get permissions
WARNING -- 2022-05-05 04:32:48,365: get permissions
ERROR -- 2022-05-05 04:32:48,369: get permissions
CRITICAL -- 2022-05-05 04:32:48,369: get permissions
INFO -- 2022-05-05 04:32:48,546: get permissions
WARNING -- 2022-05-05 04:32:48,548: get permissions
ERROR -- 2022-05-05 04:32:48,551: get permissions
CRITICAL -- 2022-05-05 04:32:48,552: get permissions
INFO -- 2022-05-05 04:33:09,527: get permissions
WARNING -- 2022-05-05 04:33:09,529: get permissions
ERROR -- 2022-05-05 04:33:09,533: get permissions
CRITICAL -- 2022-05-05 04:33:09,535: get permissions
INFO -- 2022-05-05 04:33:10,206: get permissions
WARNING -- 2022-05-05 04:33:10,208: get permissions
ERROR -- 2022-05-05 04:33:10,208: get permissions
CRITICAL -- 2022-05-05 04:33:10,211: get permissions
INFO -- 2022-05-05 04:33:10,635: get permissions
WARNING -- 2022-05-05 04:33:10,636: get permissions
ERROR -- 2022-05-05 04:33:10,639: get permissions
CRITICAL -- 2022-05-05 04:33:10,640: get permissions
INFO -- 2022-05-05 04:33:14,340: get permissions
WARNING -- 2022-05-05 04:33:14,341: get permissions
ERROR -- 2022-05-05 04:33:14,344: get permissions
CRITICAL -- 2022-05-05 04:33:14,344: get permissions
INFO -- 2022-05-05 04:33:46,314: get permissions
WARNING -- 2022-05-05 04:33:46,317: get permissions
ERROR -- 2022-05-05 04:33:46,319: get permissions
CRITICAL -- 2022-05-05 04:33:46,321: get permissions
INFO -- 2022-05-05 04:33:46,391: get permissions
WARNING -- 2022-05-05 04:33:46,394: get permissions
ERROR -- 2022-05-05 04:33:46,397: get permissions
CRITICAL -- 2022-05-05 04:33:46,398: get permissions
INFO -- 2022-05-05 04:33:49,140: get permissions
WARNING -- 2022-05-05 04:33:49,142: get permissions
ERROR -- 2022-05-05 04:33:49,145: get permissions
CRITICAL -- 2022-05-05 04:33:49,145: get permissions
INFO -- 2022-05-05 04:34:09,130: get permissions
WARNING -- 2022-05-05 04:34:09,131: get permissions
ERROR -- 2022-05-05 04:34:09,134: get permissions
CRITICAL -- 2022-05-05 04:34:09,135: get permissions
INFO -- 2022-05-05 04:34:09,275: get permissions
WARNING -- 2022-05-05 04:34:09,280: get permissions
ERROR -- 2022-05-05 04:34:09,281: get permissions
CRITICAL -- 2022-05-05 04:34:09,282: get permissions
INFO -- 2022-05-05 04:34:11,723: get permissions
WARNING -- 2022-05-05 04:34:11,725: get permissions
ERROR -- 2022-05-05 04:34:11,728: get permissions
CRITICAL -- 2022-05-05 04:34:11,729: get permissions
INFO -- 2022-05-05 04:34:17,414: get permissions
WARNING -- 2022-05-05 04:34:17,416: get permissions
ERROR -- 2022-05-05 04:34:17,416: get permissions
CRITICAL -- 2022-05-05 04:34:17,421: get permissions
INFO -- 2022-05-05 04:35:23,652: get permissions
WARNING -- 2022-05-05 04:35:23,653: get permissions
ERROR -- 2022-05-05 04:35:23,653: get permissions
CRITICAL -- 2022-05-05 04:35:23,656: get permissions
INFO -- 2022-05-05 04:35:24,260: get permissions
WARNING -- 2022-05-05 04:35:24,263: get permissions
ERROR -- 2022-05-05 04:35:24,263: get permissions
CRITICAL -- 2022-05-05 04:35:24,267: get permissions
INFO -- 2022-05-05 04:35:24,917: get permissions
WARNING -- 2022-05-05 04:35:24,918: get permissions
ERROR -- 2022-05-05 04:35:24,918: get permissions
CRITICAL -- 2022-05-05 04:35:24,923: get permissions
INFO -- 2022-05-05 04:35:45,289: get permissions
WARNING -- 2022-05-05 04:35:45,290: get permissions
ERROR -- 2022-05-05 04:35:45,291: get permissions
CRITICAL -- 2022-05-05 04:35:45,294: get permissions
INFO -- 2022-05-05 04:35:45,445: created
WARNING -- 2022-05-05 04:35:45,446: created
ERROR -- 2022-05-05 04:35:45,452: created
CRITICAL -- 2022-05-05 04:35:45,453: created
INFO -- 2022-05-05 04:36:08,934: get permissions
WARNING -- 2022-05-05 04:36:08,942: get permissions
ERROR -- 2022-05-05 04:36:08,942: get permissions
CRITICAL -- 2022-05-05 04:36:08,943: get permissions
INFO -- 2022-05-05 04:36:09,030: created
WARNING -- 2022-05-05 04:36:09,033: created
ERROR -- 2022-05-05 04:36:09,037: created
CRITICAL -- 2022-05-05 04:36:09,039: created
INFO -- 2022-05-05 04:37:02,028: get permissions
WARNING -- 2022-05-05 04:37:02,029: get permissions
ERROR -- 2022-05-05 04:37:02,035: get permissions
CRITICAL -- 2022-05-05 04:37:02,035: get permissions
INFO -- 2022-05-05 04:37:11,367: get permissions
WARNING -- 2022-05-05 04:37:11,371: get permissions
ERROR -- 2022-05-05 04:37:11,371: get permissions
CRITICAL -- 2022-05-05 04:37:11,371: get permissions
INFO -- 2022-05-05 04:37:51,554: get permissions
WARNING -- 2022-05-05 04:37:51,556: get permissions
ERROR -- 2022-05-05 04:37:51,562: get permissions
CRITICAL -- 2022-05-05 04:37:51,562: get permissions
INFO -- 2022-05-05 04:37:54,854: get permissions
WARNING -- 2022-05-05 04:37:54,860: get permissions
ERROR -- 2022-05-05 04:37:54,861: get permissions
CRITICAL -- 2022-05-05 04:37:54,862: get permissions
INFO -- 2022-05-05 04:37:55,035: created
WARNING -- 2022-05-05 04:37:55,036: created
ERROR -- 2022-05-05 04:37:55,039: created
CRITICAL -- 2022-05-05 04:37:55,041: created
INFO -- 2022-05-05 04:37:59,634: get permissions
WARNING -- 2022-05-05 04:37:59,635: get permissions
ERROR -- 2022-05-05 04:37:59,641: get permissions
CRITICAL -- 2022-05-05 04:37:59,642: get permissions
INFO -- 2022-05-05 04:38:18,409: get permissions
WARNING -- 2022-05-05 04:38:18,410: get permissions
ERROR -- 2022-05-05 04:38:18,410: get permissions
CRITICAL -- 2022-05-05 04:38:18,415: get permissions
INFO -- 2022-05-05 04:38:18,477: get permissions
WARNING -- 2022-05-05 04:38:18,484: get permissions
ERROR -- 2022-05-05 04:38:18,484: get permissions
CRITICAL -- 2022-05-05 04:38:18,487: get permissions
INFO -- 2022-05-05 04:38:21,702: get permissions
WARNING -- 2022-05-05 04:38:21,703: get permissions
ERROR -- 2022-05-05 04:38:21,706: get permissions
CRITICAL -- 2022-05-05 04:38:21,707: get permissions
INFO -- 2022-05-05 04:38:21,780: get permissions
WARNING -- 2022-05-05 04:38:21,782: get permissions
ERROR -- 2022-05-05 04:38:21,784: get permissions
CRITICAL -- 2022-05-05 04:38:21,785: get permissions
INFO -- 2022-05-05 04:38:24,238: get permissions
WARNING -- 2022-05-05 04:38:24,239: get permissions
ERROR -- 2022-05-05 04:38:24,240: get permissions
CRITICAL -- 2022-05-05 04:38:24,245: get permissions
INFO -- 2022-05-05 04:38:24,317: get permissions
WARNING -- 2022-05-05 04:38:24,319: get permissions
ERROR -- 2022-05-05 04:38:24,322: get permissions
CRITICAL -- 2022-05-05 04:38:24,322: get permissions
INFO -- 2022-05-05 04:38:26,396: get permissions
WARNING -- 2022-05-05 04:38:26,398: get permissions
ERROR -- 2022-05-05 04:38:26,401: get permissions
CRITICAL -- 2022-05-05 04:38:26,402: get permissions
INFO -- 2022-05-05 04:38:26,468: get permissions
WARNING -- 2022-05-05 04:38:26,470: get permissions
ERROR -- 2022-05-05 04:38:26,473: get permissions
CRITICAL -- 2022-05-05 04:38:26,474: get permissions
INFO -- 2022-05-05 04:38:30,901: get permissions
WARNING -- 2022-05-05 04:38:30,902: get permissions
ERROR -- 2022-05-05 04:38:30,903: get permissions
CRITICAL -- 2022-05-05 04:38:30,905: get permissions
INFO -- 2022-05-05 04:38:30,975: get permissions
WARNING -- 2022-05-05 04:38:30,977: get permissions
ERROR -- 2022-05-05 04:38:30,980: get permissions
CRITICAL -- 2022-05-05 04:38:30,980: get permissions
INFO -- 2022-05-05 04:38:33,794: get permissions
WARNING -- 2022-05-05 04:38:33,795: get permissions
ERROR -- 2022-05-05 04:38:33,798: get permissions
CRITICAL -- 2022-05-05 04:38:33,798: get permissions
INFO -- 2022-05-05 04:38:33,858: get permissions
WARNING -- 2022-05-05 04:38:33,859: get permissions
ERROR -- 2022-05-05 04:38:33,863: get permissions
CRITICAL -- 2022-05-05 04:38:33,864: get permissions
INFO -- 2022-05-05 04:38:36,775: get permissions
WARNING -- 2022-05-05 04:38:36,778: get permissions
ERROR -- 2022-05-05 04:38:36,779: get permissions
CRITICAL -- 2022-05-05 04:38:36,782: get permissions
INFO -- 2022-05-05 04:38:44,698: get permissions
WARNING -- 2022-05-05 04:38:44,699: get permissions
ERROR -- 2022-05-05 04:38:44,705: get permissions
CRITICAL -- 2022-05-05 04:38:44,707: get permissions
INFO -- 2022-05-05 04:38:44,774: get permissions
WARNING -- 2022-05-05 04:38:44,775: get permissions
ERROR -- 2022-05-05 04:38:44,778: get permissions
CRITICAL -- 2022-05-05 04:38:44,779: get permissions
INFO -- 2022-05-05 04:38:51,154: get permissions
WARNING -- 2022-05-05 04:38:51,155: get permissions
ERROR -- 2022-05-05 04:38:51,155: get permissions
CRITICAL -- 2022-05-05 04:38:51,158: get permissions
INFO -- 2022-05-05 04:38:56,001: get permissions
WARNING -- 2022-05-05 04:38:56,002: get permissions
ERROR -- 2022-05-05 04:38:56,005: get permissions
CRITICAL -- 2022-05-05 04:38:56,006: get permissions
INFO -- 2022-05-05 04:38:56,068: get permissions
WARNING -- 2022-05-05 04:38:56,069: get permissions
ERROR -- 2022-05-05 04:38:56,073: get permissions
CRITICAL -- 2022-05-05 04:38:56,073: get permissions
INFO -- 2022-05-05 04:39:00,400: get permissions
WARNING -- 2022-05-05 04:39:00,402: get permissions
ERROR -- 2022-05-05 04:39:00,405: get permissions
CRITICAL -- 2022-05-05 04:39:00,405: get permissions
INFO -- 2022-05-05 04:39:36,570: get permissions
WARNING -- 2022-05-05 04:39:36,571: get permissions
ERROR -- 2022-05-05 04:39:36,575: get permissions
CRITICAL -- 2022-05-05 04:39:36,576: get permissions
INFO -- 2022-05-05 04:44:13,362: Item object created, ID: scarf
INFO -- 2022-05-05 04:44:35,691: Item object created, ID: scarf
INFO -- 2022-05-05 04:49:48,627: Item object created, ID: scarf
INFO -- 2022-05-05 04:50:30,879: Item object deleted, ID: scarf
INFO -- 2022-05-05 04:51:04,956: Item object deleted, ID: scarf
INFO -- 2022-05-05 04:56:10,467: created
WARNING -- 2022-05-05 04:56:10,469: created
ERROR -- 2022-05-05 04:56:10,469: created
CRITICAL -- 2022-05-05 04:56:10,475: created
INFO -- 2022-05-05 05:22:57,164: get permissions
WARNING -- 2022-05-05 05:22:57,165: get permissions
ERROR -- 2022-05-05 05:22:57,166: get permissions
CRITICAL -- 2022-05-05 05:22:57,169: get permissions
INFO -- 2022-05-05 05:22:57,241: get permissions
WARNING -- 2022-05-05 05:22:57,243: get permissions
ERROR -- 2022-05-05 05:22:57,246: get permissions
CRITICAL -- 2022-05-05 05:22:57,246: get permissions
INFO -- 2022-05-05 05:22:57,248: get permissions
WARNING -- 2022-05-05 05:22:57,248: get permissions
ERROR -- 2022-05-05 05:22:57,249: get permissions
CRITICAL -- 2022-05-05 05:22:57,250: get permissions
INFO -- 2022-05-05 05:22:57,276: get permissions
WARNING -- 2022-05-05 05:22:57,277: get permissions
ERROR -- 2022-05-05 05:22:57,279: get permissions
CRITICAL -- 2022-05-05 05:22:57,280: get permissions
INFO -- 2022-05-05 05:26:16,428: get permissions
WARNING -- 2022-05-05 05:26:16,429: get permissions
ERROR -- 2022-05-05 05:26:16,432: get permissions
CRITICAL -- 2022-05-05 05:26:16,433: get permissions
INFO -- 2022-05-05 05:26:50,852: get permissions
WARNING -- 2022-05-05 05:26:50,853: get permissions
ERROR -- 2022-05-05 05:26:50,857: get permissions
CRITICAL -- 2022-05-05 05:26:50,858: get permissions
INFO -- 2022-05-05 05:26:50,922: get permissions
WARNING -- 2022-05-05 05:26:50,923: get permissions
ERROR -- 2022-05-05 05:26:50,927: get permissions
CRITICAL -- 2022-05-05 05:26:50,927: get permissions
INFO -- 2022-05-05 05:26:50,930: get permissions
WARNING -- 2022-05-05 05:26:50,930: get permissions
ERROR -- 2022-05-05 05:26:50,931: get permissions
CRITICAL -- 2022-05-05 05:26:50,931: get permissions
INFO -- 2022-05-05 05:26:50,948: get permissions
WARNING -- 2022-05-05 05:26:50,949: get permissions
ERROR -- 2022-05-05 05:26:50,952: get permissions
CRITICAL -- 2022-05-05 05:26:50,952: get permissions
INFO -- 2022-05-05 05:26:58,976: get permissions
WARNING -- 2022-05-05 05:26:58,978: get permissions
ERROR -- 2022-05-05 05:26:58,978: get permissions
CRITICAL -- 2022-05-05 05:26:58,981: get permissions
INFO -- 2022-05-05 05:27:23,075: get permissions
WARNING -- 2022-05-05 05:27:23,077: get permissions
ERROR -- 2022-05-05 05:27:23,077: get permissions
CRITICAL -- 2022-05-05 05:27:23,080: get permissions
INFO -- 2022-05-05 05:27:23,151: get permissions
WARNING -- 2022-05-05 05:27:23,153: get permissions
ERROR -- 2022-05-05 05:27:23,153: get permissions
CRITICAL -- 2022-05-05 05:27:23,156: get permissions
INFO -- 2022-05-05 05:27:23,158: get permissions
WARNING -- 2022-05-05 05:27:23,159: get permissions
ERROR -- 2022-05-05 05:27:23,160: get permissions
CRITICAL -- 2022-05-05 05:27:23,160: get permissions
INFO -- 2022-05-05 05:27:23,163: get permissions
WARNING -- 2022-05-05 05:27:23,163: get permissions
ERROR -- 2022-05-05 05:27:23,164: get permissions
CRITICAL -- 2022-05-05 05:27:23,164: get permissions
INFO -- 2022-05-05 05:27:23,165: get permissions
WARNING -- 2022-05-05 05:27:23,166: get permissions
ERROR -- 2022-05-05 05:27:23,166: get permissions
CRITICAL -- 2022-05-05 05:27:23,168: get permissions
INFO -- 2022-05-05 05:27:23,179: get permissions
WARNING -- 2022-05-05 05:27:23,180: get permissions
ERROR -- 2022-05-05 05:27:23,181: get permissions
CRITICAL -- 2022-05-05 05:27:23,181: get permissions
INFO -- 2022-05-05 05:27:23,182: get permissions
WARNING -- 2022-05-05 05:27:23,183: get permissions
ERROR -- 2022-05-05 05:27:23,185: get permissions
CRITICAL -- 2022-05-05 05:27:23,186: get permissions
INFO -- 2022-05-05 05:27:32,793: get permissions
WARNING -- 2022-05-05 05:27:32,795: get permissions
ERROR -- 2022-05-05 05:27:32,795: get permissions
CRITICAL -- 2022-05-05 05:27:32,798: get permissions
INFO -- 2022-05-05 05:28:42,952: get permissions
WARNING -- 2022-05-05 05:28:42,953: get permissions
ERROR -- 2022-05-05 05:28:42,959: get permissions
CRITICAL -- 2022-05-05 05:28:42,960: get permissions
INFO -- 2022-05-05 05:28:50,967: get permissions
WARNING -- 2022-05-05 05:28:50,970: get permissions
ERROR -- 2022-05-05 05:28:50,971: get permissions
CRITICAL -- 2022-05-05 05:28:50,974: get permissions
INFO -- 2022-05-05 05:29:19,428: get permissions
WARNING -- 2022-05-05 05:29:19,429: get permissions
ERROR -- 2022-05-05 05:29:19,430: get permissions
CRITICAL -- 2022-05-05 05:29:19,433: get permissions
INFO -- 2022-05-05 05:29:25,213: get permissions
WARNING -- 2022-05-05 05:29:25,214: get permissions
ERROR -- 2022-05-05 05:29:25,218: get permissions
CRITICAL -- 2022-05-05 05:29:25,221: get permissions
INFO -- 2022-05-05 05:29:25,298: get permissions
WARNING -- 2022-05-05 05:29:25,299: get permissions
ERROR -- 2022-05-05 05:29:25,303: get permissions
CRITICAL -- 2022-05-05 05:29:25,305: get permissions
INFO -- 2022-05-05 05:29:48,130: get permissions
WARNING -- 2022-05-05 05:29:48,132: get permissions
ERROR -- 2022-05-05 05:29:48,135: get permissions
CRITICAL -- 2022-05-05 05:29:48,136: get permissions
INFO -- 2022-05-05 05:29:48,201: get permissions
WARNING -- 2022-05-05 05:29:48,202: get permissions
ERROR -- 2022-05-05 05:29:48,203: get permissions
CRITICAL -- 2022-05-05 05:29:48,207: get permissions
INFO -- 2022-05-05 05:29:48,211: get permissions
WARNING -- 2022-05-05 05:29:48,212: get permissions
ERROR -- 2022-05-05 05:29:48,215: get permissions
CRITICAL -- 2022-05-05 05:29:48,216: get permissions
INFO -- 2022-05-05 05:29:48,217: get permissions
WARNING -- 2022-05-05 05:29:48,217: get permissions
ERROR -- 2022-05-05 05:29:48,219: get permissions
CRITICAL -- 2022-05-05 05:29:48,219: get permissions
INFO -- 2022-05-05 05:29:48,220: get permissions
WARNING -- 2022-05-05 05:29:48,224: get permissions
ERROR -- 2022-05-05 05:29:48,226: get permissions
CRITICAL -- 2022-05-05 05:29:48,228: get permissions
INFO -- 2022-05-05 05:29:48,230: get permissions
WARNING -- 2022-05-05 05:29:48,230: get permissions
ERROR -- 2022-05-05 05:29:48,232: get permissions
CRITICAL -- 2022-05-05 05:29:48,232: get permissions
INFO -- 2022-05-05 05:29:48,234: get permissions
WARNING -- 2022-05-05 05:29:48,235: get permissions
ERROR -- 2022-05-05 05:29:48,235: get permissions
CRITICAL -- 2022-05-05 05:29:48,236: get permissions
INFO -- 2022-05-05 05:29:48,243: get permissions
WARNING -- 2022-05-05 05:29:48,244: get permissions
ERROR -- 2022-05-05 05:29:48,245: get permissions
CRITICAL -- 2022-05-05 05:29:48,248: get permissions
INFO -- 2022-05-05 05:29:48,260: get permissions
WARNING -- 2022-05-05 05:29:48,261: get permissions
ERROR -- 2022-05-05 05:29:48,262: get permissions
CRITICAL -- 2022-05-05 05:29:48,265: get permissions
INFO -- 2022-05-05 05:29:48,265: get permissions
WARNING -- 2022-05-05 05:29:48,266: get permissions
ERROR -- 2022-05-05 05:29:48,266: get permissions
CRITICAL -- 2022-05-05 05:29:48,267: get permissions
INFO -- 2022-05-05 05:29:48,272: get permissions
WARNING -- 2022-05-05 05:29:48,272: get permissions
ERROR -- 2022-05-05 05:29:48,273: get permissions
CRITICAL -- 2022-05-05 05:29:48,273: get permissions
INFO -- 2022-05-05 05:29:48,275: get permissions
WARNING -- 2022-05-05 05:29:48,275: get permissions
ERROR -- 2022-05-05 05:29:48,276: get permissions
CRITICAL -- 2022-05-05 05:29:48,277: get permissions
INFO -- 2022-05-05 05:30:05,496: get permissions
WARNING -- 2022-05-05 05:30:05,498: get permissions
ERROR -- 2022-05-05 05:30:05,498: get permissions
CRITICAL -- 2022-05-05 05:30:05,503: get permissions
INFO -- 2022-05-05 05:30:05,559: get permissions
WARNING -- 2022-05-05 05:30:05,560: get permissions
ERROR -- 2022-05-05 05:30:05,561: get permissions
CRITICAL -- 2022-05-05 05:30:05,564: get permissions
INFO -- 2022-05-05 06:45:45,437: get permissions
WARNING -- 2022-05-05 06:45:45,443: get permissions
ERROR -- 2022-05-05 06:45:45,443: get permissions
CRITICAL -- 2022-05-05 06:45:45,444: get permissions
INFO -- 2022-05-05 10:18:21,885: created
WARNING -- 2022-05-05 10:18:21,885: created
ERROR -- 2022-05-05 10:18:21,886: created
CRITICAL -- 2022-05-05 10:18:21,886: created
INFO -- 2022-05-05 10:19:47,436: deleted
WARNING -- 2022-05-05 10:19:47,436: deleted
ERROR -- 2022-05-05 10:19:47,436: deleted
CRITICAL -- 2022-05-05 10:19:47,437: deleted
INFO -- 2022-05-05 10:21:10,456: get permissions
WARNING -- 2022-05-05 10:21:10,456: get permissions
ERROR -- 2022-05-05 10:21:10,457: get permissions
CRITICAL -- 2022-05-05 10:21:10,457: get permissions
INFO -- 2022-05-05 10:21:10,464: get permissions
WARNING -- 2022-05-05 10:21:10,464: get permissions
ERROR -- 2022-05-05 10:21:10,464: get permissions
CRITICAL -- 2022-05-05 10:21:10,465: get permissions
INFO -- 2022-05-05 10:21:10,466: get permissions
WARNING -- 2022-05-05 10:21:10,466: get permissions
ERROR -- 2022-05-05 10:21:10,466: get permissions
CRITICAL -- 2022-05-05 10:21:10,467: get permissions
INFO -- 2022-05-05 10:21:10,481: get permissions
WARNING -- 2022-05-05 10:21:10,481: get permissions
ERROR -- 2022-05-05 10:21:10,482: get permissions
CRITICAL -- 2022-05-05 10:21:10,482: get permissions
INFO -- 2022-05-05 10:36:46,819: get permissions
WARNING -- 2022-05-05 10:36:46,820: get permissions
ERROR -- 2022-05-05 10:36:46,821: get permissions
CRITICAL -- 2022-05-05 10:36:46,827: get permissions
INFO -- 2022-05-05 10:53:43,152: get permissions
WARNING -- 2022-05-05 10:53:43,153: get permissions
ERROR -- 2022-05-05 10:53:43,154: get permissions
CRITICAL -- 2022-05-05 10:53:43,159: get permissions
INFO -- 2022-05-05 10:53:47,869: get permissions
WARNING -- 2022-05-05 10:53:47,872: get permissions
ERROR -- 2022-05-05 10:53:47,874: get permissions
CRITICAL -- 2022-05-05 10:53:47,874: get permissions
INFO -- 2022-05-05 12:23:05,379: get permissions
WARNING -- 2022-05-05 12:23:05,381: get permissions
ERROR -- 2022-05-05 12:23:05,382: get permissions
CRITICAL -- 2022-05-05 12:23:05,385: get permissions
INFO -- 2022-05-05 12:23:05,451: get permissions
WARNING -- 2022-05-05 12:23:05,455: get permissions
ERROR -- 2022-05-05 12:23:05,456: get permissions
CRITICAL -- 2022-05-05 12:23:05,459: get permissions
INFO -- 2022-05-05 12:27:08,739: get permissions
WARNING -- 2022-05-05 12:27:08,740: get permissions
ERROR -- 2022-05-05 12:27:08,741: get permissions
CRITICAL -- 2022-05-05 12:27:08,745: get permissions
INFO -- 2022-05-05 12:27:11,630: get permissions
WARNING -- 2022-05-05 12:27:11,632: get permissions
ERROR -- 2022-05-05 12:27:11,635: get permissions
CRITICAL -- 2022-05-05 12:27:11,636: get permissions
INFO -- 2022-05-05 12:27:11,696: get permissions
WARNING -- 2022-05-05 12:27:11,697: get permissions
ERROR -- 2022-05-05 12:27:11,698: get permissions
CRITICAL -- 2022-05-05 12:27:11,701: get permissions
INFO -- 2022-05-05 13:54:21,213: get permissions
WARNING -- 2022-05-05 13:54:21,221: get permissions
ERROR -- 2022-05-05 13:54:21,222: get permissions
CRITICAL -- 2022-05-05 13:54:21,223: get permissions
INFO -- 2022-05-05 14:21:39,704: get permissions
WARNING -- 2022-05-05 14:21:39,705: get permissions
ERROR -- 2022-05-05 14:21:39,706: get permissions
CRITICAL -- 2022-05-05 14:21:39,706: get permissions
INFO -- 2022-05-05 14:21:53,979: get permissions
WARNING -- 2022-05-05 14:21:53,980: get permissions
ERROR -- 2022-05-05 14:21:53,980: get permissions
CRITICAL -- 2022-05-05 14:21:53,981: get permissions
INFO -- 2022-05-05 14:35:38,026: get permissions
WARNING -- 2022-05-05 14:35:38,031: get permissions
ERROR -- 2022-05-05 14:35:38,035: get permissions
CRITICAL -- 2022-05-05 14:35:38,037: get permissions
